<?xml version="1.0" encoding="utf-8"?><testsuites name="pytest tests"><testsuite name="pytest" errors="0" failures="1" skipped="0" tests="13" time="65.138" timestamp="2026-07-08T18:05:56.632207+00:00" hostname="agent-env-bb1e647f-c0f2-4108-a85a-e346329ccebd"><testcase classname="tests.test_backend.TestSheetToMidi" name="test_empty_file" time="0.374" /><testcase classname="tests.test_backend.TestRegression" name="test_demo_songs" time="0.252" /><testcase classname="tests.test_backend.TestRegression" name="test_songs_list" time="0.184" /><testcase classname="tests.test_backend.TestSheetToMidi" name="test_corrupt_file" time="2.132" /><testcase classname="tests.test_backend.TestRegression" name="test_settings_get" time="1.385" /><testcase classname="tests.test_backend.TestRegression" name="test_settings_put" time="0.148" /><testcase classname="tests.test_backend.TestRegression" name="test_settings_convert_mode_default" time="0.040" /><testcase classname="tests.test_backend.TestRegression" name="test_settings_convert_mode_persist" time="0.203" /><testcase classname="tests.test_backend.TestRegression" name="test_song_create_delete" time="0.083" /><testcase classname="tests.test_backend.TestRegression" name="test_refine_midi" time="0.042" /><testcase classname="tests.test_backend.TestRegression" name="test_video_ai_enhance" time="1.792" /><testcase classname="tests.test_backend.TestSheetToMidi" name="test_real_sheet_music" time="51.536"><failure message="AssertionError: left-hand note has midi&gt;=60: 60&#10;assert 60 &lt; 60">backend/tests/test_backend.py:146: in test_real_sheet_music
    assert n["midi"] &lt; 60, f"left-hand note has midi&gt;=60: {n['midi']}"
E   AssertionError: left-hand note has midi&gt;=60: 60
E   assert 60 &lt; 60</failure></testcase><testcase classname="tests.test_backend.TestSheetToMidi" name="test_png_image_preprocessing" time="10.707" /></testsuite></testsuites>