<?xml version="1.0" encoding="utf-8"?><testsuites name="pytest tests"><testsuite name="pytest" errors="0" failures="0" skipped="1" tests="10" time="5.671" timestamp="2026-07-08T17:18:35.544207+00:00" hostname="agent-env-bb1e647f-c0f2-4108-a85a-e346329ccebd"><testcase classname="tests.test_backend.TestSheetToMidi" name="test_empty_file" time="0.183" /><testcase classname="tests.test_backend.TestRegression" name="test_demo_songs" time="0.133" /><testcase classname="tests.test_backend.TestRegression" name="test_songs_list" time="0.173" /><testcase classname="tests.test_backend.TestSheetToMidi" name="test_corrupt_file" time="2.348" /><testcase classname="tests.test_backend.TestRegression" name="test_settings_get" time="1.452" /><testcase classname="tests.test_backend.TestRegression" name="test_settings_put" time="0.044" /><testcase classname="tests.test_backend.TestRegression" name="test_song_create_delete" time="0.122" /><testcase classname="tests.test_backend.TestRegression" name="test_refine_midi" time="1.657" /><testcase classname="tests.test_backend.TestSheetToMidi" name="test_real_sheet_music" time="0.119"><skipped type="pytest.skip" message="Could not fetch reference sheet music image">/app/backend/tests/test_backend.py:104: Could not fetch reference sheet music image</skipped></testcase><testcase classname="tests.test_backend.TestRegression" name="test_video_ai_enhance" time="1.632" /></testsuite></testsuites>