<?xml version="1.0" encoding="utf-8"?><testsuites name="pytest tests"><testsuite name="pytest" errors="0" failures="0" skipped="0" tests="18" time="56.909" timestamp="2026-07-08T21:07:30.978150+00:00" hostname="agent-env-bb1e647f-c0f2-4108-a85a-e346329ccebd"><testcase classname="tests.test_backend.TestSheetToMidi" name="test_empty_file" time="0.153" /><testcase classname="tests.test_backend.TestRegression" name="test_demo_songs" time="0.257" /><testcase classname="tests.test_backend.TestSheetToMidi" name="test_corrupt_file" time="0.468" /><testcase classname="tests.test_backend.TestRegression" name="test_songs_list" time="0.149" /><testcase classname="tests.test_backend.TestRegression" name="test_settings_get" time="0.037" /><testcase classname="tests.test_backend.TestRegression" name="test_settings_put" time="0.041" /><testcase classname="tests.test_backend.TestRegression" name="test_settings_convert_mode_default" time="0.070" /><testcase classname="tests.test_backend.TestRegression" name="test_settings_convert_mode_persist" time="0.190" /><testcase classname="tests.test_backend.TestSheetToMidi" name="test_real_sheet_music" time="45.669" /><testcase classname="tests.test_backend.TestRegression" name="test_settings_chord_tutorial_default_and_persist" time="0.379" /><testcase classname="tests.test_backend.TestRegression" name="test_song_create_delete" time="0.079" /><testcase classname="tests.test_backend.TestRegression" name="test_refine_midi" time="0.078" /><testcase classname="tests.test_backend.TestRegression" name="test_refine_midi_multi_track" time="4.741" /><testcase classname="tests.test_backend.TestRegression" name="test_refine_midi_multi_track_fallback_small" time="2.145" /><testcase classname="tests.test_backend.TestRegression" name="test_refine_midi_single_track_regression" time="1.583" /><testcase classname="tests.test_backend.TestRegression" name="test_refine_midi_cache_key_differs_by_multi_track" time="0.120" /><testcase classname="tests.test_backend.TestRegression" name="test_video_ai_enhance" time="1.515" /><testcase classname="tests.test_backend.TestSheetToMidi" name="test_png_image_preprocessing" time="10.291" /></testsuite></testsuites>