<?xml version="1.0" encoding="utf-8"?><testsuites name="pytest tests"><testsuite name="pytest" errors="0" failures="0" skipped="0" tests="13" time="2.264" timestamp="2026-07-08T18:40:36.473032+00:00" hostname="agent-env-bb1e647f-c0f2-4108-a85a-e346329ccebd"><testcase classname="tests.test_backend.TestRegression" name="test_demo_songs" time="0.135" /><testcase classname="tests.test_backend.TestRegression" name="test_songs_list" time="0.389" /><testcase classname="tests.test_backend.TestRegression" name="test_settings_get" time="0.042" /><testcase classname="tests.test_backend.TestRegression" name="test_settings_put" time="0.041" /><testcase classname="tests.test_backend.TestRegression" name="test_settings_convert_mode_default" time="0.045" /><testcase classname="tests.test_backend.TestRegression" name="test_settings_convert_mode_persist" time="0.160" /><testcase classname="tests.test_backend.TestRegression" name="test_song_create_delete" time="0.089" /><testcase classname="tests.test_backend.TestRegression" name="test_refine_midi" time="0.040" /><testcase classname="tests.test_backend.TestRegression" name="test_refine_midi_multi_track" time="0.258" /><testcase classname="tests.test_backend.TestRegression" name="test_refine_midi_multi_track_fallback_small" time="0.196" /><testcase classname="tests.test_backend.TestRegression" name="test_refine_midi_single_track_regression" time="0.181" /><testcase classname="tests.test_backend.TestRegression" name="test_refine_midi_cache_key_differs_by_multi_track" time="0.099" /><testcase classname="tests.test_backend.TestRegression" name="test_video_ai_enhance" time="0.242" /></testsuite></testsuites>