<?xml version="1.0" encoding="utf-8"?><testsuites name="pytest tests"><testsuite name="pytest" errors="0" failures="0" skipped="0" tests="17" time="4.199" timestamp="2026-07-08T19:11:44.400607+00:00" hostname="agent-env-bb1e647f-c0f2-4108-a85a-e346329ccebd"><testcase classname="tests.test_backend.TestSheetToMidi" name="test_empty_file" time="0.162" /><testcase classname="tests.test_backend.TestRegression" name="test_demo_songs" time="0.275" /><testcase classname="tests.test_backend.TestSheetToMidi" name="test_corrupt_file" time="0.526" /><testcase classname="tests.test_backend.TestRegression" name="test_songs_list" time="0.168" /><testcase classname="tests.test_backend.TestRegression" name="test_settings_get" time="0.051" /><testcase classname="tests.test_backend.TestRegression" name="test_settings_put" time="0.047" /><testcase classname="tests.test_backend.TestRegression" name="test_settings_convert_mode_default" time="0.051" /><testcase classname="tests.test_backend.TestRegression" name="test_settings_convert_mode_persist" time="0.175" /><testcase classname="tests.test_backend.TestSheetToMidi" name="test_real_sheet_music" time="2.541" /><testcase classname="tests.test_backend.TestRegression" name="test_song_create_delete" time="0.206" /><testcase classname="tests.test_backend.TestRegression" name="test_refine_midi" time="0.040" /><testcase classname="tests.test_backend.TestRegression" name="test_refine_midi_multi_track" time="0.192" /><testcase classname="tests.test_backend.TestRegression" name="test_refine_midi_multi_track_fallback_small" time="0.357" /><testcase classname="tests.test_backend.TestRegression" name="test_refine_midi_single_track_regression" time="0.257" /><testcase classname="tests.test_backend.TestRegression" name="test_refine_midi_cache_key_differs_by_multi_track" time="0.101" /><testcase classname="tests.test_backend.TestRegression" name="test_video_ai_enhance" time="0.191" /><testcase classname="tests.test_backend.TestSheetToMidi" name="test_png_image_preprocessing" time="0.608" /></testsuite></testsuites>